
*** Running vivado
    with args -log system_util_ds_buf_0_0.vds -m64 -product Vivado -mode batch -messageDb vivado.pb -notrace -source system_util_ds_buf_0_0.tcl

/opt/Xilinx/Vivado/2017.3/bin/ldlibpath.sh: line 17: lsb_release: command not found

****** Vivado v2017.3 (64-bit)
  **** SW Build 2018833 on Wed Oct  4 19:58:07 MDT 2017
  **** IP Build 2016188 on Wed Oct  4 21:52:56 MDT 2017
    ** Copyright 1986-2017 Xilinx, Inc. All Rights Reserved.

source system_util_ds_buf_0_0.tcl -notrace
/opt/Xilinx/Vivado/2017.3/bin/ldlibpath.sh: line 17: lsb_release: command not found
Starting RTL Elaboration : Time (s): cpu = 00:00:06 ; elapsed = 00:00:07 . Memory (MB): peak = 1356.004 ; gain = 76.996 ; free physical = 666 ; free virtual = 43831
INFO: [Synth 8-638] synthesizing module 'system_util_ds_buf_0_0' [/home/golfit/git/redpitaya_guide/tmp/1_led_blink/1_led_blink.srcs/sources_1/bd/system/ip/system_util_ds_buf_0_0/synth/system_util_ds_buf_0_0.vhd:67]
INFO: [Synth 8-638] synthesizing module 'util_ds_buf' [/home/golfit/git/redpitaya_guide/tmp/1_led_blink/1_led_blink.srcs/sources_1/bd/system/ipshared/e2ff/hdl/vhdl/util_ds_buf.vhd:125]
INFO: [Synth 8-256] done synthesizing module 'util_ds_buf' (1#1) [/home/golfit/git/redpitaya_guide/tmp/1_led_blink/1_led_blink.srcs/sources_1/bd/system/ipshared/e2ff/hdl/vhdl/util_ds_buf.vhd:125]
INFO: [Synth 8-256] done synthesizing module 'system_util_ds_buf_0_0' (2#1) [/home/golfit/git/redpitaya_guide/tmp/1_led_blink/1_led_blink.srcs/sources_1/bd/system/ip/system_util_ds_buf_0_0/synth/system_util_ds_buf_0_0.vhd:67]
Finished RTL Elaboration : Time (s): cpu = 00:00:07 ; elapsed = 00:00:08 . Memory (MB): peak = 1398.551 ; gain = 119.543 ; free physical = 647 ; free virtual = 43813
Finished RTL Optimization Phase 1 : Time (s): cpu = 00:00:07 ; elapsed = 00:00:08 . Memory (MB): peak = 1398.551 ; gain = 119.543 ; free physical = 634 ; free virtual = 43800
INFO: [Device 21-403] Loading part xc7z010clg400-1
Constraint Validation Runtime : Time (s): cpu = 00:00:00 ; elapsed = 00:00:00 . Memory (MB): peak = 1642.156 ; gain = 0.004 ; free physical = 241 ; free virtual = 43412
Finished Constraint Validation : Time (s): cpu = 00:00:21 ; elapsed = 00:00:37 . Memory (MB): peak = 1642.160 ; gain = 363.152 ; free physical = 310 ; free virtual = 43484
Finished Loading Part and Timing Information : Time (s): cpu = 00:00:21 ; elapsed = 00:00:37 . Memory (MB): peak = 1642.160 ; gain = 363.152 ; free physical = 310 ; free virtual = 43484
Finished applying 'set_property' XDC Constraints : Time (s): cpu = 00:00:21 ; elapsed = 00:00:37 . Memory (MB): peak = 1642.160 ; gain = 363.152 ; free physical = 312 ; free virtual = 43486
Finished RTL Optimization Phase 2 : Time (s): cpu = 00:00:21 ; elapsed = 00:00:37 . Memory (MB): peak = 1642.160 ; gain = 363.152 ; free physical = 312 ; free virtual = 43485
Finished Cross Boundary and Area Optimization : Time (s): cpu = 00:00:21 ; elapsed = 00:00:38 . Memory (MB): peak = 1642.160 ; gain = 363.152 ; free physical = 331 ; free virtual = 43504
Finished Applying XDC Timing Constraints : Time (s): cpu = 00:00:26 ; elapsed = 00:00:46 . Memory (MB): peak = 1672.152 ; gain = 393.145 ; free physical = 226 ; free virtual = 43301
Finished Timing Optimization : Time (s): cpu = 00:00:26 ; elapsed = 00:00:46 . Memory (MB): peak = 1672.152 ; gain = 393.145 ; free physical = 226 ; free virtual = 43301
Finished Technology Mapping : Time (s): cpu = 00:00:26 ; elapsed = 00:00:46 . Memory (MB): peak = 1681.168 ; gain = 402.160 ; free physical = 225 ; free virtual = 43300
Finished IO Insertion : Time (s): cpu = 00:00:27 ; elapsed = 00:00:47 . Memory (MB): peak = 1681.172 ; gain = 402.164 ; free physical = 235 ; free virtual = 43299
Finished Renaming Generated Instances : Time (s): cpu = 00:00:27 ; elapsed = 00:00:47 . Memory (MB): peak = 1681.172 ; gain = 402.164 ; free physical = 235 ; free virtual = 43299
Finished Rebuilding User Hierarchy : Time (s): cpu = 00:00:27 ; elapsed = 00:00:47 . Memory (MB): peak = 1681.172 ; gain = 402.164 ; free physical = 235 ; free virtual = 43299
Finished Renaming Generated Ports : Time (s): cpu = 00:00:27 ; elapsed = 00:00:47 . Memory (MB): peak = 1681.172 ; gain = 402.164 ; free physical = 235 ; free virtual = 43299
Finished Handling Custom Attributes : Time (s): cpu = 00:00:27 ; elapsed = 00:00:47 . Memory (MB): peak = 1681.172 ; gain = 402.164 ; free physical = 235 ; free virtual = 43299
Finished Renaming Generated Nets : Time (s): cpu = 00:00:27 ; elapsed = 00:00:47 . Memory (MB): peak = 1681.172 ; gain = 402.164 ; free physical = 235 ; free virtual = 43299

Report Cell Usage: 
+------+-------+------+
|      |Cell   |Count |
+------+-------+------+
|1     |IBUFDS |     2|
+------+-------+------+
Finished Writing Synthesis Report : Time (s): cpu = 00:00:27 ; elapsed = 00:00:47 . Memory (MB): peak = 1681.172 ; gain = 402.164 ; free physical = 235 ; free virtual = 43299
synth_design: Time (s): cpu = 00:00:28 ; elapsed = 00:00:47 . Memory (MB): peak = 1687.172 ; gain = 427.262 ; free physical = 274 ; free virtual = 43338
